<?xml version="1.0" encoding="utf-8"?><testsuites name="pytest tests"><testsuite name="pytest" errors="0" failures="0" skipped="0" tests="14" time="1.718" timestamp="2026-07-16T20:41:32.256263+00:00" hostname="agent-env-345937d7-7d7b-4cfa-b47c-a67f8b79e485"><testcase classname="tests.test_games.TestGatewayGames" name="test_gateway_sets_cookie" time="0.288" /><testcase classname="tests.test_games.TestGamesAuth" name="test_games_index_requires_cookie" time="0.122" /><testcase classname="tests.test_games.TestGamesAuth" name="test_games_stats_requires_cookie" time="0.119" /><testcase classname="tests.test_games.TestGamesAuth" name="test_games_save_requires_cookie" time="0.118" /><testcase classname="tests.test_games.TestGamesIndex" name="test_games_index_returns_all_seven" time="0.174" /><testcase classname="tests.test_games.TestGamesIndex" name="test_stats_defaults_zero" time="0.049" /><testcase classname="tests.test_games.TestQuiz" name="test_quiz_returns_10_questions" time="0.054" /><testcase classname="tests.test_games.TestGameSaveFlow" name="test_put_and_get_save_roundtrip" time="0.098" /><testcase classname="tests.test_games.TestGameSaveFlow" name="test_invalid_game_key_returns_400" time="0.052" /><testcase classname="tests.test_games.TestGameSaveFlow" name="test_state_too_large_returns_413" time="0.096" /><testcase classname="tests.test_games.TestGameSaveFlow" name="test_restart_resets_state_keeps_best_score" time="0.096" /><testcase classname="tests.test_games.TestComplete" name="test_complete_jigsaw_awards_achievement" time="0.105" /><testcase classname="tests.test_games.TestComplete" name="test_complete_reflected_in_stats" time="0.101" /><testcase classname="tests.test_games.TestCaseEvidence" name="test_pin_evidence_and_read_back" time="0.110" /></testsuite></testsuites>