<?xml version="1.0" encoding="utf-8"?><testsuites name="pytest tests"><testsuite name="pytest" errors="0" failures="0" skipped="0" tests="20" time="3.172" timestamp="2026-07-16T20:02:31.535332+00:00" hostname="agent-env-345937d7-7d7b-4cfa-b47c-a67f8b79e485"><testcase classname="tests.backend_test.TestGateway" name="test_wrong_answer" time="0.259" /><testcase classname="tests.backend_test.TestGateway" name="test_correct_answer_variants[17 September 2025]" time="0.141" /><testcase classname="tests.backend_test.TestGateway" name="test_correct_answer_variants[17th September 2025]" time="0.107" /><testcase classname="tests.backend_test.TestGateway" name="test_correct_answer_variants[17/09/2025]" time="0.116" /><testcase classname="tests.backend_test.TestGateway" name="test_correct_answer_variants[17-09-2025]" time="0.110" /><testcase classname="tests.backend_test.TestGateway" name="test_correct_answer_variants[17092025]" time="0.130" /><testcase classname="tests.backend_test.TestGateway" name="test_correct_answer_variants[2025-09-17]" time="0.182" /><testcase classname="tests.backend_test.TestAuthMe" name="test_me_without_cookie" time="0.121" /><testcase classname="tests.backend_test.TestAuthMe" name="test_me_with_cookie" time="0.241" /><testcase classname="tests.backend_test.TestProgress" name="test_default_progress" time="0.084" /><testcase classname="tests.backend_test.TestProgress" name="test_section_tracking_eligibility" time="0.306" /><testcase classname="tests.backend_test.TestProgress" name="test_hidden_scroll_before_eligible" time="0.063" /><testcase classname="tests.backend_test.TestProgress" name="test_final_viewed_before_unlock" time="0.058" /><testcase classname="tests.backend_test.TestProgress" name="test_hidden_scroll_after_eligibility" time="0.337" /><testcase classname="tests.backend_test.TestProgress" name="test_story_position_persistence" time="0.114" /><testcase classname="tests.backend_test.TestMemories" name="test_list_returns_8" time="0.063" /><testcase classname="tests.backend_test.TestMemories" name="test_sep17_has_hidden_bow" time="0.060" /><testcase classname="tests.backend_test.TestMemories" name="test_other_memory_no_hidden_bow" time="0.063" /><testcase classname="tests.backend_test.TestMemories" name="test_favourite_toggle" time="0.122" /><testcase classname="tests.backend_test.TestZRateLimit" name="test_rate_limit_eventually_returns_429" time="0.348" /></testsuite></testsuites>